nohup: ignoring input
54
0
Traceback (most recent call last):
  File "subpatch.py", line 95, in <module>
    PrepareData(root,patch_list)
  File "subpatch.py", line 78, in PrepareData
    np.save(f'/data2/lyy/patch/{type}/1-100/{patient}_{index}', patch_1_100)
  File "<__array_function__ internals>", line 180, in save
  File "/home/liyanyi/anaconda3/envs/pytorch/lib/python3.8/site-packages/numpy/lib/npyio.py", line 515, in save
    file_ctx = open(file, "wb")
FileNotFoundError: [Errno 2] No such file or directory: '/data2/lyy/patch/train/1-100/0_1.npy'
nohup: ignoring input
54
0
1
2
3
4
5
6
7
8
9
10
11
12
13
14
15
存在尺寸不相同，患者序号为 15
16
17
18
19
20
21
22
23
24
25
26
27
28
29
30
31
存在尺寸不相同，患者序号为 31
32
33
34
35
36
37
38
39
40
41
42
43
44
45
46
47
48
49
50
51
52
53
54
55
56
57
58
59
60
61
62
63
64
65
66
67
68
69
70
71
72
73
74
75
76
77
78
79
80
81
82
83
84
85
86
87
88
89
90
91
92
93
94
95
96
97
98
99
100
101
102
103
104
105
106
107
108
109
110
111
112
113
114
115
nohup: ignoring input
54
0
nohup: ignoring input
54
281
282
283
284
285
286
287
存在尺寸不相同，患者序号为 287
288
289
290
291
292
293
294
295
296
297
298
299
300
nohup: ignoring input
686
0
1
2
3
4
5
6
7
8
9
10
11
12
13
14
15
存在尺寸不相同，患者序号为 15
16
17
18
19
20
21
22
23
24
25
26
27
28
29
30
31
存在尺寸不相同，患者序号为 31
32
33
34
35
36
37
38
39
40
41
42
43
44
45
46
47
48
49
50
51
52
53
54
55
56
57
58
59
60
61
62
63
64
65
66
67
68
69
70
71
72
73
74
75
76
77
78
79
80
81
82
83
84
85
86
87
88
89
90
91
92
93
94
95
96
97
98
99
100
101
102
103
104
105
106
107
108
109
110
111
112
113
114
115
116
存在尺寸不相同，患者序号为 116
117
118
119
120
121
122
123
124
125
126
127
128
129
130
131
132
133
134
135
136
137
138
139
140
141
142
143
144
145
146
147
148
149
150
151
152
153
154
155
156
157
158
159
160
161
162
163
164
165
166
167
168
169
170
171
172
173
174
175
176
177
178
179
180
181
182
183
184
185
186
187
188
189
190
191
192
193
194
195
196
197
198
199
200
201
202
203
204
205
206
207
208
209
210
211
212
存在尺寸不相同，患者序号为 212
213
214
215
216
存在尺寸不相同，患者序号为 216
217
218
219
220
221
存在尺寸不相同，患者序号为 221
222
223
224
225
226
227
228
229
230
231
232
233
234
235
236
237
238
239
240
241
存在尺寸不相同，患者序号为 241
242
243
244
245
246
247
248
249
250
251
252
253
Traceback (most recent call last):
  File "subpatch.py", line 91, in <module>
    PrepareData(root,patch_list)
  File "subpatch.py", line 79, in PrepareData
    np.save(f'/data2/lyy/patch/{type}2/Full_dose/{patient}_{index}', patch_full)
  File "<__array_function__ internals>", line 180, in save
  File "/home/liyanyi/anaconda3/envs/pytorch/lib/python3.8/site-packages/numpy/lib/npyio.py", line 519, in save
    format.write_array(fid, arr, allow_pickle=allow_pickle,
  File "/home/liyanyi/anaconda3/envs/pytorch/lib/python3.8/site-packages/numpy/lib/format.py", line 690, in write_array
    array.tofile(fp)
OSError: problem writing element 413184 to file
nohup: ignoring input
63
0
1
3
4
5
6
7
8
9
10
11
12
13
14
16
17
18
19
20
21
22
23
24
25
26
27
28
29
30
31
存在尺寸不相同，患者序号为 31
32
35
36
38
39
40
41
42
43
44
45
46
47
48
49
